<?xml version="1.0" encoding="UTF-8"?>
<testsuite name="helloworld.AppTest" tests="1" skipped="0" failures="0" errors="0" timestamp="2020-08-28T12:07:58" hostname="ausard-Home" time="0.004">
  <properties/>
  <testcase name="successfulResponse" classname="helloworld.AppTest" time="0.004"/>
  <system-out><![CDATA[]]></system-out>
  <system-err><![CDATA[]]></system-err>
</testsuite>
